<?xml version="1.0" encoding="UTF-8"?>
<testng-results skipped="0" failed="0" total="1" passed="1">
  <reporter-output>
  </reporter-output>
  <suite name="Default suite" duration-ms="23580" started-at="2016-09-03T09:01:44Z" finished-at="2016-09-03T09:02:08Z">
    <groups>
    </groups>
    <test name="Default test" duration-ms="23580" started-at="2016-09-03T09:01:44Z" finished-at="2016-09-03T09:02:08Z">
      <class name="com.ERP.Masters.screenshot">
        <test-method status="PASS" signature="scrren()[pri:0, instance:com.ERP.Masters.screenshot@3dbf0f5b]" name="scrren" duration-ms="23439" started-at="2016-09-03T14:31:45Z" finished-at="2016-09-03T14:32:08Z">
          <reporter-output>
          </reporter-output>
        </test-method> <!-- scrren -->
      </class> <!-- com.ERP.Masters.screenshot -->
    </test> <!-- Default test -->
  </suite> <!-- Default suite -->
</testng-results>
